IMLib/build/outputs/logs/manifest-merger-debug-report.txt
-- Merging decision tree log ---
manifest
ADDED from ChatApp/IMLib/AndroidManifest.xml:1:1-88:12
INJECTED from ChatApp/IMLib/AndroidManifest.xml:1:1-88:12
INJECTED from ChatApp/IMLib/AndroidManifest.xml:1:1-88:12
INJECTED from ChatApp/IMLib/AndroidManifest.xml:1:1-88:12
INJECTED from ChatApp/IMLib/AndroidManifest.xml:1:1-88:12
INJECTED from ChatApp/IMLib/AndroidManifest.xml:1:1-88:12
INJECTED from ChatApp/IMLib/AndroidManifest.xml:1:1-88:12
	package
		ADDED from ChatApp/IMLib/AndroidManifest.xml:2:5-28
		INJECTED from ChatApp/IMLib/AndroidManifest.xml
		INJECTED from ChatApp/IMLib/AndroidManifest.xml
	android:versionName
		INJECTED from ChatApp/IMLib/AndroidManifest.xml
		ADDED from ChatApp/IMLib/AndroidManifest.xml:1:1-88:12
		INJECTED from ChatApp/IMLib/AndroidManifest.xml
	android:versionCode
		INJECTED from ChatApp/IMLib/AndroidManifest.xml
		ADDED from ChatApp/IMLib/AndroidManifest.xml:1:1-88:12
		INJECTED from ChatApp/IMLib/AndroidManifest.xml
	xmlns:android
		ADDED from ChatApp/IMLib/AndroidManifest.xml:1:11-69
uses-sdk
ADDED from ChatApp/IMLib/AndroidManifest.xml:4:5-6:41
INJECTED from ChatApp/IMLib/AndroidManifest.xml:4:5-6:41
INJECTED from ChatApp/IMLib/AndroidManifest.xml:4:5-6:41
INJECTED from ChatApp/IMLib/AndroidManifest.xml:4:5-6:41
INJECTED from ChatApp/IMLib/AndroidManifest.xml:4:5-6:41
	android:targetSdkVersion
		ADDED from ChatApp/IMLib/AndroidManifest.xml:6:9-38
		INJECTED from ChatApp/IMLib/AndroidManifest.xml
		INJECTED from ChatApp/IMLib/AndroidManifest.xml
	android:minSdkVersion
		ADDED from ChatApp/IMLib/AndroidManifest.xml:5:9-35
		INJECTED from ChatApp/IMLib/AndroidManifest.xml
		INJECTED from ChatApp/IMLib/AndroidManifest.xml
uses-permission#android.permission.WRITE_EXTERNAL_STORAGE
ADDED from ChatApp/IMLib/AndroidManifest.xml:8:5-81
	android:name
		ADDED from ChatApp/IMLib/AndroidManifest.xml:8:22-78
uses-permission#android.permission.INTERNET
ADDED from ChatApp/IMLib/AndroidManifest.xml:9:5-67
	android:name
		ADDED from ChatApp/IMLib/AndroidManifest.xml:9:22-64
uses-permission#android.permission.ACCESS_NETWORK_STATE
ADDED from ChatApp/IMLib/AndroidManifest.xml:10:5-79
	android:name
		ADDED from ChatApp/IMLib/AndroidManifest.xml:10:22-76
uses-permission#android.permission.ACCESS_WIFI_STATE
ADDED from ChatApp/IMLib/AndroidManifest.xml:11:5-76
	android:name
		ADDED from ChatApp/IMLib/AndroidManifest.xml:11:22-73
uses-permission#android.permission.READ_PHONE_STATE
ADDED from ChatApp/IMLib/AndroidManifest.xml:12:5-75
	android:name
		ADDED from ChatApp/IMLib/AndroidManifest.xml:12:22-72
uses-permission#android.permission.RECORD_AUDIO
ADDED from ChatApp/IMLib/AndroidManifest.xml:13:5-71
	android:name
		ADDED from ChatApp/IMLib/AndroidManifest.xml:13:22-68
uses-permission#android.permission.GET_TASKS
ADDED from ChatApp/IMLib/AndroidManifest.xml:14:5-68
	android:name
		ADDED from ChatApp/IMLib/AndroidManifest.xml:14:22-65
uses-permission#android.permission.WAKE_LOCK
ADDED from ChatApp/IMLib/AndroidManifest.xml:15:5-68
	android:name
		ADDED from ChatApp/IMLib/AndroidManifest.xml:15:22-65
uses-permission#android.permission.MODIFY_AUDIO_SETTINGS
ADDED from ChatApp/IMLib/AndroidManifest.xml:16:5-80
	android:name
		ADDED from ChatApp/IMLib/AndroidManifest.xml:16:22-77
uses-permission#android.permission.VIBRATE
ADDED from ChatApp/IMLib/AndroidManifest.xml:17:5-66
	android:name
		ADDED from ChatApp/IMLib/AndroidManifest.xml:17:22-63
uses-permission#android.permission.ACCESS_FINE_LOCATION
ADDED from ChatApp/IMLib/AndroidManifest.xml:18:5-79
	android:name
		ADDED from ChatApp/IMLib/AndroidManifest.xml:18:22-76
uses-permission#android.permission.RECEIVE_BOOT_COMPLETED
ADDED from ChatApp/IMLib/AndroidManifest.xml:19:5-81
	android:name
		ADDED from ChatApp/IMLib/AndroidManifest.xml:19:22-78
application
ADDED from ChatApp/IMLib/AndroidManifest.xml:21:5-86:19
service#io.rong.imlib.ipc.RongService
ADDED from ChatApp/IMLib/AndroidManifest.xml:23:9-26:38
	android:process
		ADDED from ChatApp/IMLib/AndroidManifest.xml:26:13-35
	android:exported
		ADDED from ChatApp/IMLib/AndroidManifest.xml:25:13-36
	android:name
		ADDED from ChatApp/IMLib/AndroidManifest.xml:24:13-57
service#io.rong.imlib.ReConnectService
ADDED from ChatApp/IMLib/AndroidManifest.xml:28:9-30:39
	android:exported
		ADDED from ChatApp/IMLib/AndroidManifest.xml:30:13-36
	android:name
		ADDED from ChatApp/IMLib/AndroidManifest.xml:29:13-58
receiver#io.rong.imlib.ConnectChangeReceiver
ADDED from ChatApp/IMLib/AndroidManifest.xml:32:9-34:39
	android:exported
		ADDED from ChatApp/IMLib/AndroidManifest.xml:34:13-36
	android:name
		ADDED from ChatApp/IMLib/AndroidManifest.xml:33:13-63
receiver#io.rong.imlib.HeartbeatReceiver
ADDED from ChatApp/IMLib/AndroidManifest.xml:36:9-38:38
	android:process
		ADDED from ChatApp/IMLib/AndroidManifest.xml:38:13-35
	android:name
		ADDED from ChatApp/IMLib/AndroidManifest.xml:37:13-59
service#io.rong.push.core.PushRegistrationService
ADDED from ChatApp/IMLib/AndroidManifest.xml:44:9-46:48
	android:exported
		ADDED from ChatApp/IMLib/AndroidManifest.xml:46:13-37
	android:name
		ADDED from ChatApp/IMLib/AndroidManifest.xml:45:13-69
service#io.rong.push.core.MessageHandleService
ADDED from ChatApp/IMLib/AndroidManifest.xml:49:9-51:47
	android:exported
		ADDED from ChatApp/IMLib/AndroidManifest.xml:51:13-36
	android:name
		ADDED from ChatApp/IMLib/AndroidManifest.xml:50:13-66
service#io.rong.push.PushService
ADDED from ChatApp/IMLib/AndroidManifest.xml:54:9-58:19
	android:process
		ADDED from ChatApp/IMLib/AndroidManifest.xml:57:13-43
	android:exported
		ADDED from ChatApp/IMLib/AndroidManifest.xml:56:13-36
	android:name
		ADDED from ChatApp/IMLib/AndroidManifest.xml:55:13-52
receiver#io.rong.push.PushReceiver
ADDED from ChatApp/IMLib/AndroidManifest.xml:61:9-81:20
	android:process
		ADDED from ChatApp/IMLib/AndroidManifest.xml:63:13-43
	android:name
		ADDED from ChatApp/IMLib/AndroidManifest.xml:62:13-53
intent-filter#io.rong.push.intent.action.HEART_BEAT
ADDED from ChatApp/IMLib/AndroidManifest.xml:65:13-67:29
action#io.rong.push.intent.action.HEART_BEAT
ADDED from ChatApp/IMLib/AndroidManifest.xml:66:17-80
	android:name
		ADDED from ChatApp/IMLib/AndroidManifest.xml:66:25-77
intent-filter#android.net.conn.CONNECTIVITY_CHANGE
ADDED from ChatApp/IMLib/AndroidManifest.xml:69:13-71:29
action#android.net.conn.CONNECTIVITY_CHANGE
ADDED from ChatApp/IMLib/AndroidManifest.xml:70:17-79
	android:name
		ADDED from ChatApp/IMLib/AndroidManifest.xml:70:25-76
intent-filter#android.intent.action.BOOT_COMPLETED
ADDED from ChatApp/IMLib/AndroidManifest.xml:73:13-75:29
action#android.intent.action.BOOT_COMPLETED
ADDED from ChatApp/IMLib/AndroidManifest.xml:74:17-79
	android:name
		ADDED from ChatApp/IMLib/AndroidManifest.xml:74:25-76
intent-filter#android.intent.action.ACTION_POWER_CONNECTED+android.intent.action.ACTION_POWER_DISCONNECTED+android.intent.action.USER_PRESENT
ADDED from ChatApp/IMLib/AndroidManifest.xml:76:13-80:29
action#android.intent.action.USER_PRESENT
ADDED from ChatApp/IMLib/AndroidManifest.xml:77:17-77
	android:name
		ADDED from ChatApp/IMLib/AndroidManifest.xml:77:25-74
action#android.intent.action.ACTION_POWER_CONNECTED
ADDED from ChatApp/IMLib/AndroidManifest.xml:78:17-87
	android:name
		ADDED from ChatApp/IMLib/AndroidManifest.xml:78:25-84
action#android.intent.action.ACTION_POWER_DISCONNECTED
ADDED from ChatApp/IMLib/AndroidManifest.xml:79:17-90
	android:name
		ADDED from ChatApp/IMLib/AndroidManifest.xml:79:25-87